Arguments: 
  /Users/ben/.nvm/versions/node/v10.6.0/bin/node /usr/local/Cellar/yarn/1.5.1_1/libexec/bin/yarn.js start

PATH: 
  /usr/local/bin:/Users/ben/.nvm/versions/node/v10.6.0/bin:/Users/ben/.npm-packages/bin:/usr/local/bin:/usr/bin:/bin:/usr/sbin:/sbin:/usr/local/go/bin:/Applications/Wireshark.app/Contents/MacOS:/Users/ben/.npm-packages/bin

Yarn version: 
  1.5.1

Node version: 
  10.6.0

Platform: 
  darwin x64

npm manifest: 
  {
    "scripts": {
      "start": "node --experimental-modules main.mjs"
    },
    "dependencies": {
      "@octokit/rest": "^15.9.4",
      "@octokit/webhooks": "^4.0.0",
      "bonjour": "^3.5.0",
      "hap-nodejs": "^0.4.47",
      "homebridge-hue": "^0.9.8",
      "midi": "^0.9.5",
      "mosca": "^2.8.3",
      "nan": "^2.10.0",
      "nat-upnp": "^1.1.1",
      "simple-git": "^1.96.0",
      "yamljs": "^0.3.0"
    },
    "repository": {
      "type": "git",
      "url": "https://github.com/lyuzashi/mqtt-smarthome-system.git"
    }
  }

yarn manifest: 
  No manifest

Lockfile: 
  No lockfile

Trace: 
  Error: Command failed.
  Exit code: 1
  Command: sh
  Arguments: -c node --experimental-modules main.mjs
  Directory: /Users/ben/Documents/Projects/mqtt-smarthome-system
  Output:
  
      at ProcessTermError.MessageError (/usr/local/Cellar/yarn/1.5.1_1/libexec/lib/cli.js:186:110)
      at new ProcessTermError (/usr/local/Cellar/yarn/1.5.1_1/libexec/lib/cli.js:226:113)
      at ChildProcess.<anonymous> (/usr/local/Cellar/yarn/1.5.1_1/libexec/lib/cli.js:30281:17)
      at ChildProcess.emit (events.js:182:13)
      at maybeClose (internal/child_process.js:961:16)
      at Process.ChildProcess._handle.onexit (internal/child_process.js:248:5)
